        4.75000      0.0100000    0.000500000       -90.0000
        1.00000   1.00000E-010
           11           30            0
     0.00554083       0.231495            127
     0.00554083       0.231495             92
     0.00554083       0.227815             93
     0.00554083       0.231495            110
E
 abcd
n101Gc1.refl

       0.000000        100.000        15.0000       0.000000
       0.000000        100.000        15.0000
        85.0000
   8.20592E-005        47.4219        8.00000   3.00300E-008
       0.000000        47.4219        8.00000
        85.0000
    0.000192014        55.4895        5.00000   3.00300E-008
       0.000000        55.4895        5.00000
        85.0000
    0.000329239        5.14800        5.00000   8.47700E-009
       0.000000        5.14800        5.00000
        85.0000
  -1.08804E-005        4.73560        4.00000   4.98300E-007
       0.000000        4.73560        4.00000
        85.0000
    0.000218982        15.2756        5.00000   7.58700E-008
   8.97750E-005        15.2756        5.00000
        85.0000
    0.000218982        14.9180        6.00000   7.58700E-008
    0.000226708        14.9180        6.00000
        130.000
    0.000329239        28.0000        5.00000   8.47000E-009
       0.000000        28.0000        5.00000
        240.000
    0.000218982        12.7000        12.0000   7.58700E-008
    0.000187690        12.7000        12.0000
        270.000
    0.000458421        25.0140        12.0000   9.80200E-009
   7.35810E-005        25.0140        12.0000
        270.000
    0.000192014        38.8090        5.00000   3.00300E-008
       0.000000        38.8090        5.00000
        270.000
    0.000104100        100.000        5.00000   2.25400E-010
       0.000000        100.000        5.00000
        270.000

dm1=d1
dm2=d2
rm1=ro1
rm2=ro2
